已經開始建置於 2015/5/26 上午 02:31:05。
     1>節點 2 (Build 目標) 上的專案 "C:\Users\um\Desktop\第13章\ShapePolymorphism\ShapePolymorphism\ShapePolymorphism.vcxproj"。
     1>ClCompile:
         C:\Program Files\Microsoft Visual Studio 12.0\VC\bin\CL.exe /c /ZI /nologo /W3 /WX- /sdl /Od /Oy- /D _MBCS /Gm /EHsc /RTC1 /MDd /GS /fp:precise /Zc:wchar_t /Zc:forScope /Fo"Debug\\" /Fd"Debug\vc120.pdb" /Gd /TP /analyze- /errorReport:prompt Tetrahedron.cpp mainTest.cpp
         mainTest.cpp
     1>c:\users\um\desktop\第13章\shapepolymorphism\shapepolymorphism\maintest.cpp(31): warning C4018: '<' : signed/unsigned 不相符
         Tetrahedron.cpp
         正在產生程式碼...
       Link:
         C:\Program Files\Microsoft Visual Studio 12.0\VC\bin\link.exe /ERRORREPORT:PROMPT /OUT:"C:\Users\um\Desktop\第13章\ShapePolymorphism\Debug\ShapePolymorphism.exe" /INCREMENTAL /NOLOGO kernel32.lib user32.lib gdi32.lib winspool.lib comdlg32.lib advapi32.lib shell32.lib ole32.lib oleaut32.lib uuid.lib odbc32.lib odbccp32.lib /MANIFEST /MANIFESTUAC:"level='asInvoker' uiAccess='false'" /manifest:embed /DEBUG /PDB:"C:\Users\um\Desktop\第13章\ShapePolymorphism\Debug\ShapePolymorphism.pdb" /TLBID:1 /DYNAMICBASE /NXCOMPAT /IMPLIB:"C:\Users\um\Desktop\第13章\ShapePolymorphism\Debug\ShapePolymorphism.lib" /MACHINE:X86 Debug\Circle.obj
         Debug\Cube.obj
         Debug\mainTest.obj
         Debug\Shape.obj
         Debug\Sphere.obj
         Debug\Square.obj
         Debug\Tetrahedron.obj
         Debug\ThreeDimensionalShape.obj
         Debug\Triangle.obj
         Debug\TwoDimensionalShape.obj
         ShapePolymorphism.vcxproj -> C:\Users\um\Desktop\第13章\ShapePolymorphism\Debug\ShapePolymorphism.exe
     1>專案 "C:\Users\um\Desktop\第13章\ShapePolymorphism\ShapePolymorphism\ShapePolymorphism.vcxproj" (Build 目標) 建置完成。

建置成功。

經過時間 00:00:01.10
