已經開始建置於 2015/4/15 下午 12:04:26。
     1>節點 2 (Build 目標) 上的專案 "C:\Users\郁翔\Documents\Visual Studio 2013\Projects\HW5\第三題\第三題\第三題.vcxproj"。
     1>ClCompile:
         C:\Program Files (x86)\Microsoft Visual Studio 12.0\VC\bin\CL.exe /c /ZI /nologo /W3 /WX- /sdl /Od /Oy- /D _UNICODE /D UNICODE /Gm /EHsc /RTC1 /MDd /GS /fp:precise /Zc:wchar_t /Zc:forScope /Fo"Debug\\" /Fd"Debug\vc120.pdb" /Gd /TP /analyze- /errorReport:prompt Rectangle.cpp RectangleTest.cpp
         Rectangle.cpp
     1>c:\users\郁翔\documents\visual studio 2013\projects\hw5\第三題\第三題\rectangle.cpp(280): warning C4244: '正在初始化' : 將 'float' 轉換為 'int'，由於類型不同，可能導致資料遺失
     1>c:\users\郁翔\documents\visual studio 2013\projects\hw5\第三題\第三題\rectangle.cpp(282): warning C4244: '=' : 將 'int' 轉換為 'float'，由於類型不同，可能導致資料遺失
     1>c:\users\郁翔\documents\visual studio 2013\projects\hw5\第三題\第三題\rectangle.cpp(284): warning C4244: '正在初始化' : 將 'float' 轉換為 'int'，由於類型不同，可能導致資料遺失
     1>c:\users\郁翔\documents\visual studio 2013\projects\hw5\第三題\第三題\rectangle.cpp(295): warning C4244: '正在初始化' : 將 'float' 轉換為 'int'，由於類型不同，可能導致資料遺失
     1>c:\users\郁翔\documents\visual studio 2013\projects\hw5\第三題\第三題\rectangle.cpp(297): warning C4244: '=' : 將 'int' 轉換為 'float'，由於類型不同，可能導致資料遺失
     1>c:\users\郁翔\documents\visual studio 2013\projects\hw5\第三題\第三題\rectangle.cpp(299): warning C4244: '正在初始化' : 將 'float' 轉換為 'int'，由於類型不同，可能導致資料遺失
         正在產生程式碼...
         正在編譯...
         RectangleTest.cpp
     1>c:\users\郁翔\documents\visual studio 2013\projects\hw5\第三題\第三題\rectangletest.cpp(6): warning C4101: 'length' : 未參考的區域變數
     1>c:\users\郁翔\documents\visual studio 2013\projects\hw5\第三題\第三題\rectangletest.cpp(6): warning C4101: 'width' : 未參考的區域變數
         正在產生程式碼...
       Link:
         C:\Program Files (x86)\Microsoft Visual Studio 12.0\VC\bin\link.exe /ERRORREPORT:PROMPT /OUT:"C:\Users\郁翔\Documents\Visual Studio 2013\Projects\HW5\第三題\Debug\第三題.exe" /INCREMENTAL /NOLOGO kernel32.lib user32.lib gdi32.lib winspool.lib comdlg32.lib advapi32.lib shell32.lib ole32.lib oleaut32.lib uuid.lib odbc32.lib odbccp32.lib /MANIFEST /MANIFESTUAC:"level='asInvoker' uiAccess='false'" /manifest:embed /DEBUG /PDB:"C:\Users\郁翔\Documents\Visual Studio 2013\Projects\HW5\第三題\Debug\第三題.pdb" /TLBID:1 /DYNAMICBASE /NXCOMPAT /IMPLIB:"C:\Users\郁翔\Documents\Visual Studio 2013\Projects\HW5\第三題\Debug\第三題.lib" /MACHINE:X86 Debug\Point.obj
         Debug\Rectangle.obj
         Debug\RectangleTest.obj
         第三題.vcxproj -> C:\Users\郁翔\Documents\Visual Studio 2013\Projects\HW5\第三題\Debug\第三題.exe
     1>專案 "C:\Users\郁翔\Documents\Visual Studio 2013\Projects\HW5\第三題\第三題\第三題.vcxproj" (Build 目標) 建置完成。

建置成功。

經過時間 00:00:04.86
